<?xml version="1.0" encoding="UTF-8"?>
<coverage generated="1479439606317" clover="3.2.0">
  <project timestamp="1479439606317" name="All files">
    <metrics statements="37" coveredstatements="35" conditionals="28" coveredconditionals="26" methods="11" coveredmethods="9" elements="76" coveredelements="70" complexity="0" loc="37" ncloc="37" packages="1" files="2" classes="2">
      <file name="CalcApp.js" path="/home/wei/Documents/web/hw6/src/components/CalcApp.js">
        <metrics statements="29" coveredstatements="28" conditionals="26" coveredconditionals="24" methods="8" coveredmethods="7"/>
        <line num="7" count="33" type="stmt"/>
        <line num="8" count="33" type="stmt"/>
        <line num="14" count="33" type="stmt"/>
        <line num="15" count="33" type="stmt"/>
        <line num="19" count="2" type="stmt"/>
        <line num="27" count="65" type="stmt"/>
        <line num="28" count="65" type="stmt"/>
        <line num="29" count="27" type="stmt"/>
        <line num="30" count="2" type="stmt"/>
        <line num="31" count="2" type="stmt"/>
        <line num="33" count="25" type="stmt"/>
        <line num="36" count="38" type="stmt"/>
        <line num="39" count="65" type="stmt"/>
        <line num="44" count="80" type="stmt"/>
        <line num="45" count="80" type="stmt"/>
        <line num="46" count="11" type="stmt"/>
        <line num="47" count="11" type="stmt"/>
        <line num="50" count="80" type="stmt"/>
        <line num="51" count="41" type="stmt"/>
        <line num="52" count="22" type="stmt"/>
        <line num="53" count="11" type="stmt"/>
        <line num="54" count="4" type="stmt"/>
        <line num="55" count="4" type="stmt"/>
        <line num="57" count="41" type="stmt"/>
        <line num="59" count="80" type="stmt"/>
        <line num="60" count="80" type="stmt"/>
        <line num="62" count="80" type="stmt"/>
        <line num="67" count="0" type="stmt"/>
        <line num="71" count="180" type="stmt"/>
      </file>
      <file name="CalcButton.js" path="/home/wei/Documents/web/hw6/src/components/CalcButton.js">
        <metrics statements="8" coveredstatements="7" conditionals="2" coveredconditionals="2" methods="3" coveredmethods="2"/>
        <line num="4" count="0" type="stmt"/>
        <line num="7" count="1" type="stmt"/>
        <line num="8" count="3420" type="stmt"/>
        <line num="9" count="3420" type="stmt"/>
        <line num="10" count="3420" type="stmt"/>
        <line num="13" count="147" type="stmt"/>
        <line num="21" count="1" type="stmt"/>
        <line num="27" count="1" type="stmt"/>
      </file>
    </metrics>
  </project>
</coverage>
