{"/home/wei/Documents/web/hw6/src/components/CalcApp.js": {"path":"/home/wei/Documents/web/hw6/src/components/CalcApp.js","statementMap":{"0":{"start":{"line":7,"column":4},"end":{"line":7,"column":17}},"1":{"start":{"line":8,"column":4},"end":{"line":12,"column":6}},"2":{"start":{"line":14,"column":4},"end":{"line":14,"column":53}},"3":{"start":{"line":15,"column":4},"end":{"line":15,"column":51}},"4":{"start":{"line":19,"column":4},"end":{"line":23,"column":7}},"5":{"start":{"line":27,"column":4},"end":{"line":40,"column":7}},"6":{"start":{"line":28,"column":6},"end":{"line":37,"column":7}},"7":{"start":{"line":29,"column":8},"end":{"line":34,"column":9}},"8":{"start":{"line":30,"column":10},"end":{"line":30,"column":30}},"9":{"start":{"line":31,"column":10},"end":{"line":31,"column":27}},"10":{"start":{"line":33,"column":10},"end":{"line":33,"column":69}},"11":{"start":{"line":36,"column":8},"end":{"line":36,"column":67}},"12":{"start":{"line":39,"column":6},"end":{"line":39,"column":19}},"13":{"start":{"line":44,"column":4},"end":{"line":63,"column":7}},"14":{"start":{"line":45,"column":6},"end":{"line":49,"column":7}},"15":{"start":{"line":46,"column":8},"end":{"line":46,"column":49}},"16":{"start":{"line":47,"column":8},"end":{"line":47,"column":43}},"17":{"start":{"line":50,"column":6},"end":{"line":58,"column":7}},"18":{"start":{"line":51,"column":8},"end":{"line":56,"column":9}},"19":{"start":{"line":52,"column":20},"end":{"line":52,"column":79}},"20":{"start":{"line":52,"column":80},"end":{"line":52,"column":86}},"21":{"start":{"line":53,"column":20},"end":{"line":53,"column":79}},"22":{"start":{"line":53,"column":80},"end":{"line":53,"column":86}},"23":{"start":{"line":54,"column":20},"end":{"line":54,"column":79}},"24":{"start":{"line":54,"column":80},"end":{"line":54,"column":86}},"25":{"start":{"line":55,"column":20},"end":{"line":55,"column":79}},"26":{"start":{"line":55,"column":80},"end":{"line":55,"column":86}},"27":{"start":{"line":57,"column":8},"end":{"line":57,"column":43}},"28":{"start":{"line":59,"column":6},"end":{"line":59,"column":77}},"29":{"start":{"line":60,"column":6},"end":{"line":60,"column":22}},"30":{"start":{"line":62,"column":6},"end":{"line":62,"column":19}},"31":{"start":{"line":67,"column":4},"end":{"line":67,"column":58}},"32":{"start":{"line":71,"column":4},"end":{"line":108,"column":6}}},"fnMap":{"0":{"name":"(anonymous_0)","decl":{"start":{"line":6,"column":2},"end":{"line":6,"column":3}},"loc":{"start":{"line":6,"column":21},"end":{"line":16,"column":3}}},"1":{"name":"(anonymous_1)","decl":{"start":{"line":18,"column":2},"end":{"line":18,"column":3}},"loc":{"start":{"line":18,"column":15},"end":{"line":24,"column":3}}},"2":{"name":"(anonymous_2)","decl":{"start":{"line":26,"column":2},"end":{"line":26,"column":3}},"loc":{"start":{"line":26,"column":20},"end":{"line":41,"column":3}}},"3":{"name":"(anonymous_3)","decl":{"start":{"line":27,"column":18},"end":{"line":27,"column":19}},"loc":{"start":{"line":27,"column":29},"end":{"line":40,"column":5}}},"4":{"name":"(anonymous_4)","decl":{"start":{"line":43,"column":2},"end":{"line":43,"column":3}},"loc":{"start":{"line":43,"column":18},"end":{"line":64,"column":3}}},"5":{"name":"(anonymous_5)","decl":{"start":{"line":44,"column":18},"end":{"line":44,"column":19}},"loc":{"start":{"line":44,"column":29},"end":{"line":63,"column":5}}},"6":{"name":"(anonymous_6)","decl":{"start":{"line":66,"column":2},"end":{"line":66,"column":3}},"loc":{"start":{"line":66,"column":23},"end":{"line":68,"column":3}}},"7":{"name":"(anonymous_7)","decl":{"start":{"line":70,"column":2},"end":{"line":70,"column":3}},"loc":{"start":{"line":70,"column":11},"end":{"line":109,"column":3}}}},"branchMap":{"0":{"loc":{"start":{"line":28,"column":6},"end":{"line":37,"column":7}},"type":"if","locations":[{"start":{"line":28,"column":6},"end":{"line":37,"column":7}},{"start":{"line":28,"column":6},"end":{"line":37,"column":7}}]},"1":{"loc":{"start":{"line":28,"column":10},"end":{"line":28,"column":60}},"type":"binary-expr","locations":[{"start":{"line":28,"column":10},"end":{"line":28,"column":31}},{"start":{"line":28,"column":35},"end":{"line":28,"column":60}}]},"2":{"loc":{"start":{"line":29,"column":8},"end":{"line":34,"column":9}},"type":"if","locations":[{"start":{"line":29,"column":8},"end":{"line":34,"column":9}},{"start":{"line":29,"column":8},"end":{"line":34,"column":9}}]},"3":{"loc":{"start":{"line":33,"column":24},"end":{"line":33,"column":67}},"type":"cond-expr","locations":[{"start":{"line":33,"column":45},"end":{"line":33,"column":48}},{"start":{"line":33,"column":51},"end":{"line":33,"column":67}}]},"4":{"loc":{"start":{"line":36,"column":22},"end":{"line":36,"column":65}},"type":"cond-expr","locations":[{"start":{"line":36,"column":43},"end":{"line":36,"column":46}},{"start":{"line":36,"column":49},"end":{"line":36,"column":65}}]},"5":{"loc":{"start":{"line":45,"column":6},"end":{"line":49,"column":7}},"type":"if","locations":[{"start":{"line":45,"column":6},"end":{"line":49,"column":7}},{"start":{"line":45,"column":6},"end":{"line":49,"column":7}}]},"6":{"loc":{"start":{"line":45,"column":10},"end":{"line":45,"column":49}},"type":"binary-expr","locations":[{"start":{"line":45,"column":10},"end":{"line":45,"column":35}},{"start":{"line":45,"column":39},"end":{"line":45,"column":49}}]},"7":{"loc":{"start":{"line":50,"column":6},"end":{"line":58,"column":7}},"type":"if","locations":[{"start":{"line":50,"column":6},"end":{"line":58,"column":7}},{"start":{"line":50,"column":6},"end":{"line":58,"column":7}}]},"8":{"loc":{"start":{"line":50,"column":10},"end":{"line":50,"column":52}},"type":"binary-expr","locations":[{"start":{"line":50,"column":10},"end":{"line":50,"column":31}},{"start":{"line":50,"column":35},"end":{"line":50,"column":52}}]},"9":{"loc":{"start":{"line":51,"column":8},"end":{"line":56,"column":9}},"type":"switch","locations":[{"start":{"line":52,"column":10},"end":{"line":52,"column":86}},{"start":{"line":53,"column":10},"end":{"line":53,"column":86}},{"start":{"line":54,"column":10},"end":{"line":54,"column":86}},{"start":{"line":55,"column":10},"end":{"line":55,"column":86}}]},"10":{"loc":{"start":{"line":59,"column":24},"end":{"line":59,"column":75}},"type":"cond-expr","locations":[{"start":{"line":59,"column":37},"end":{"line":59,"column":70}},{"start":{"line":59,"column":73},"end":{"line":59,"column":75}}]},"11":{"loc":{"start":{"line":75,"column":43},"end":{"line":75,"column":101}},"type":"cond-expr","locations":[{"start":{"line":75,"column":68},"end":{"line":75,"column":83}},{"start":{"line":75,"column":86},"end":{"line":75,"column":101}}]}},"s":{"0":33,"1":33,"2":33,"3":33,"4":2,"5":65,"6":65,"7":27,"8":2,"9":2,"10":25,"11":38,"12":65,"13":80,"14":80,"15":11,"16":11,"17":80,"18":41,"19":22,"20":22,"21":11,"22":11,"23":4,"24":4,"25":4,"26":4,"27":41,"28":80,"29":80,"30":80,"31":0,"32":180},"f":{"0":33,"1":2,"2":65,"3":65,"4":80,"5":80,"6":0,"7":180},"b":{"0":[27,38],"1":[65,40],"2":[2,25],"3":[25,0],"4":[0,38],"5":[11,69],"6":[80,12],"7":[41,39],"8":[80,50],"9":[22,11,4,4],"10":[35,45],"11":[142,38]},"_coverageSchema":"332fd63041d2c1bcb487cc26dd0d5f7d97098a6c","hash":"cfd36406bbaa1c41a99e8d352e6b4f9d459cc294"}
,"/home/wei/Documents/web/hw6/src/components/CalcButton.js": {"path":"/home/wei/Documents/web/hw6/src/components/CalcButton.js","statementMap":{"0":{"start":{"line":4,"column":2},"end":{"line":4,"column":56}},"1":{"start":{"line":7,"column":19},"end":{"line":18,"column":1}},"2":{"start":{"line":8,"column":43},"end":{"line":8,"column":48}},"3":{"start":{"line":9,"column":21},"end":{"line":9,"column":36}},"4":{"start":{"line":10,"column":2},"end":{"line":17,"column":4}},"5":{"start":{"line":13,"column":21},"end":{"line":13,"column":38}},"6":{"start":{"line":21,"column":0},"end":{"line":25,"column":2}},"7":{"start":{"line":27,"column":0},"end":{"line":29,"column":2}}},"fnMap":{"0":{"name":"showNotImplemented","decl":{"start":{"line":3,"column":9},"end":{"line":3,"column":27}},"loc":{"start":{"line":3,"column":30},"end":{"line":5,"column":1}}},"1":{"name":"(anonymous_1)","decl":{"start":{"line":7,"column":19},"end":{"line":7,"column":20}},"loc":{"start":{"line":7,"column":30},"end":{"line":18,"column":1}}},"2":{"name":"(anonymous_2)","decl":{"start":{"line":13,"column":15},"end":{"line":13,"column":16}},"loc":{"start":{"line":13,"column":21},"end":{"line":13,"column":38}}}},"branchMap":{"0":{"loc":{"start":{"line":9,"column":21},"end":{"line":9,"column":36}},"type":"binary-expr","locations":[{"start":{"line":9,"column":21},"end":{"line":9,"column":30}},{"start":{"line":9,"column":34},"end":{"line":9,"column":36}}]}},"s":{"0":0,"1":1,"2":3420,"3":3420,"4":3420,"5":147,"6":1,"7":1},"f":{"0":0,"1":3420,"2":147},"b":{"0":[3420,720]},"_coverageSchema":"332fd63041d2c1bcb487cc26dd0d5f7d97098a6c","hash":"6fdb523c6b8c887561e70ee77ccbfffa616e9dda"}
}
