TN:
SF:/home/wei/Documents/web/hw6/src/components/CalcApp.js
FN:6,(anonymous_0)
FN:18,(anonymous_1)
FN:26,(anonymous_2)
FN:27,(anonymous_3)
FN:43,(anonymous_4)
FN:44,(anonymous_5)
FN:66,(anonymous_6)
FN:70,(anonymous_7)
FNF:8
FNH:7
FNDA:33,(anonymous_0)
FNDA:2,(anonymous_1)
FNDA:65,(anonymous_2)
FNDA:65,(anonymous_3)
FNDA:80,(anonymous_4)
FNDA:80,(anonymous_5)
FNDA:0,(anonymous_6)
FNDA:180,(anonymous_7)
DA:7,33
DA:8,33
DA:14,33
DA:15,33
DA:19,2
DA:27,65
DA:28,65
DA:29,27
DA:30,2
DA:31,2
DA:33,25
DA:36,38
DA:39,65
DA:44,80
DA:45,80
DA:46,11
DA:47,11
DA:50,80
DA:51,41
DA:52,22
DA:53,11
DA:54,4
DA:55,4
DA:57,41
DA:59,80
DA:60,80
DA:62,80
DA:67,0
DA:71,180
LF:29
LH:28
BRDA:28,0,0,27
BRDA:28,0,1,38
BRDA:28,1,0,65
BRDA:28,1,1,40
BRDA:29,2,0,2
BRDA:29,2,1,25
BRDA:33,3,0,25
BRDA:33,3,1,0
BRDA:36,4,0,0
BRDA:36,4,1,38
BRDA:45,5,0,11
BRDA:45,5,1,69
BRDA:45,6,0,80
BRDA:45,6,1,12
BRDA:50,7,0,41
BRDA:50,7,1,39
BRDA:50,8,0,80
BRDA:50,8,1,50
BRDA:51,9,0,22
BRDA:51,9,1,11
BRDA:51,9,2,4
BRDA:51,9,3,4
BRDA:59,10,0,35
BRDA:59,10,1,45
BRDA:75,11,0,142
BRDA:75,11,1,38
BRF:26
BRH:24
end_of_record
TN:
SF:/home/wei/Documents/web/hw6/src/components/CalcButton.js
FN:3,showNotImplemented
FN:7,(anonymous_1)
FN:13,(anonymous_2)
FNF:3
FNH:2
FNDA:0,showNotImplemented
FNDA:3420,(anonymous_1)
FNDA:147,(anonymous_2)
DA:4,0
DA:7,1
DA:8,3420
DA:9,3420
DA:10,3420
DA:13,147
DA:21,1
DA:27,1
LF:8
LH:7
BRDA:9,0,0,3420
BRDA:9,0,1,720
BRF:2
BRH:2
end_of_record
